2025-08-11 03:49:48.293+09:00 | main | INFO  | Besu | Starting Besu
2025-08-11 03:49:50.169+09:00 | main | INFO  | Besu | jemalloc library not found, memory usage may be reduced by installing it
2025-08-11 03:49:50.538+09:00 | main | INFO  | Besu | 
####################################################################################################
#                                                                                                  #
# Besu version 23.10.1                                                                             #
#                                                                                                  #
# Configuration:                                                                                   #
# Network: Custom genesis file specified                                                           #
# Network Id: 2025                                                                                 #
# Data storage: Forest                                                                             #
# Sync mode: Full                                                                                  #
# RPC HTTP APIs: ETH,NET,WEB3                                                                      #
# RPC HTTP port: 8548                                                                              #
# Using LAYERED transaction pool implementation                                                    #
#                                                                                                  #
# Host:                                                                                            #
# Java: openjdk-java-17                                                                            #
# Maximum heap size: 5.80 GB                                                                       #
# OS: linux-x86_64                                                                                 #
# glibc: 2.39                                                                                      #
# Total memory: 23.22 GB                                                                           #
# CPU cores: 8                                                                                     #
#                                                                                                  #
# Plugins:                                                                                         #
# TOTAL = 0 of 0 plugins successfully loaded                                                       #
# from /opt/besu/plugins                                                                           #
#                                                                                                  #
####################################################################################################
2025-08-11 03:49:50.543+09:00 | main | INFO  | Besu | Connecting to 0 static nodes.
2025-08-11 03:49:50.544+09:00 | main | INFO  | Besu | Security Module: localfile
2025-08-11 03:49:50.728+09:00 | main | INFO  | Besu | Using the native implementation of alt bn128
2025-08-11 03:49:50.919+09:00 | main | INFO  | Besu | Using the native implementation of modexp
2025-08-11 03:49:50.919+09:00 | main | INFO  | Besu | Using the native implementation of the signature algorithm
2025-08-11 03:49:50.956+09:00 | main | INFO  | Besu | Using the native implementation of the blake2bf algorithm
2025-08-11 03:49:51.906+09:00 | main | INFO  | KeyPairUtil | Loaded public key 0xd581ca9612e32c06963ca250ce82b53434caecf85982fa5f142503ee365c39c301ff69f5ddd6ced7e272d0b8c60f032e47506642ab5812639c65e328efb605bd from /home/yelin/Mutual-Cloud/network/node-4/data/key
2025-08-11 03:49:52.237+09:00 | main | INFO  | ProtocolScheduleBuilder | Protocol schedule created with milestones: [London:0]
2025-08-11 03:49:52.348+09:00 | main | INFO  | DatabaseMetadata | Lookup database metadata file in data directory: /home/yelin/Mutual-Cloud/network/node-4/data
2025-08-11 03:49:52.442+09:00 | main | INFO  | RocksDBKeyValueStorageFactory | Existing database detected at /home/yelin/Mutual-Cloud/network/node-4/data. Version 1. Compacting database...
2025-08-11 03:49:53.318+09:00 | main | INFO  | TransactionPoolFactory | Enabling transaction pool
2025-08-11 03:49:53.382+09:00 | main | INFO  | BesuControllerBuilder | TTD difficulty is not present, creating initial sync phase for PoW
2025-08-11 03:49:53.471+09:00 | main | INFO  | IbftBesuControllerBuilder | Starting IBFT mining coordinator
2025-08-11 03:49:54.185+09:00 | main | INFO  | RunnerBuilder | Detecting NAT service.
2025-08-11 03:49:54.370+09:00 | main | INFO  | Runner | Starting external services ... 
2025-08-11 03:49:54.371+09:00 | main | INFO  | JsonRpcHttpService | Starting JSON-RPC service on 127.0.0.1:8548
2025-08-11 03:49:54.630+09:00 | vert.x-eventloop-thread-1 | INFO  | JsonRpcHttpService | JSON-RPC service started and listening on 127.0.0.1:8548
2025-08-11 03:49:54.653+09:00 | main | INFO  | AutoTransactionLogBloomCachingService | Starting auto transaction log bloom caching service.
2025-08-11 03:49:54.656+09:00 | main | INFO  | LogBloomCacheMetadata | Lookup cache metadata file in data directory: /home/yelin/Mutual-Cloud/network/node-4/data/caches
2025-08-11 03:49:54.683+09:00 | main | INFO  | Runner | Starting Ethereum main loop ... 
2025-08-11 03:49:54.683+09:00 | main | INFO  | NatService | No NAT environment detected so no service could be started
2025-08-11 03:49:54.684+09:00 | main | INFO  | NetworkRunner | Starting Network.
2025-08-11 03:49:54.720+09:00 | nioEventLoopGroup-2-1 | INFO  | RlpxAgent | P2P RLPx agent started and listening on /[0:0:0:0:0:0:0:0]:30306.
2025-08-11 03:49:54.721+09:00 | main | INFO  | PeerDiscoveryAgent | Starting peer discovery agent on host=0.0.0.0, port=30306
2025-08-11 03:49:54.764+09:00 | vert.x-eventloop-thread-1 | INFO  | VertxPeerDiscoveryAgent | Started peer discovery agent successfully, on effective host=0:0:0:0:0:0:0:0%0 and port=30306
2025-08-11 03:49:54.766+09:00 | vert.x-eventloop-thread-1 | INFO  | PeerDiscoveryAgent | P2P peer discovery agent started and listening on /[0:0:0:0:0:0:0:0%0]:30306
2025-08-11 03:49:54.889+09:00 | vert.x-eventloop-thread-1 | INFO  | PeerDiscoveryAgent | Writing node record to disk. NodeRecord{seq=2, publicKey=0x03d581ca9612e32c06963ca250ce82b53434caecf85982fa5f142503ee365c39c3, udpAddress=Optional[/127.0.0.1:30306], tcpAddress=Optional[/127.0.0.1:30306], asBase64=-Je4QM2emLctODLmYlRFJIofc5HZGuEslWn7Ike8IWwNQnUUGHSC88JCOwqjss_9OnP85sW5tece8MNvRYvjuPJkohcCg2V0aMfGhNtv3-GAgmlkgnY0gmlwhH8AAAGJc2VjcDI1NmsxoQPVgcqWEuMsBpY8olDOgrU0NMrs-FmC-l8UJQPuNlw5w4N0Y3CCdmKDdWRwgnZi, nodeId=0x9a10a7eb6a91285fd962506ff3cb3b600d6682b61acb62b06fa140c64d2aa311, customFields={tcp=30306, udp=30306, ip=0x7f000001, eth=[[0xdb6fdfe1, 0x]], id=V4, secp256k1=0x03d581ca9612e32c06963ca250ce82b53434caecf85982fa5f142503ee365c39c3}}
2025-08-11 03:49:55.096+09:00 | main | INFO  | DefaultP2PNetwork | Enode URL enode://d581ca9612e32c06963ca250ce82b53434caecf85982fa5f142503ee365c39c301ff69f5ddd6ced7e272d0b8c60f032e47506642ab5812639c65e328efb605bd@127.0.0.1:30306
2025-08-11 03:49:55.097+09:00 | main | INFO  | DefaultP2PNetwork | Node address 0xf3cb3b600d6682b61acb62b06fa140c64d2aa311
2025-08-11 03:49:55.169+09:00 | main | INFO  | NetworkRunner | Supported capabilities: [eth/62, eth/63, eth/64, eth/65, eth/66, eth/67, eth/68], [IBF/1], [snap/1]
2025-08-11 03:49:55.170+09:00 | main | INFO  | DefaultSynchronizer | Starting synchronizer.
2025-08-11 03:49:55.183+09:00 | main | INFO  | TransactionPoolFactory | Enabling transaction handling following initial sync
2025-08-11 03:49:55.187+09:00 | main | INFO  | IbftBesuControllerBuilder | Starting IBFT mining coordinator following initial sync
2025-08-11 03:49:55.193+09:00 | main | INFO  | FullSyncDownloader | Starting full sync.
2025-08-11 03:49:55.195+09:00 | main | INFO  | FullSyncTargetManager | Unable to find sync target. Currently checking 0 peers for usefulness
2025-08-11 03:49:55.246+09:00 | main | INFO  | Runner | Ethereum main loop is up.
2025-08-11 03:49:56.194+09:00 | nioEventLoopGroup-3-6 | INFO  | FullSyncTargetManager | Unable to find sync target. Currently checking 3 peers for usefulness
2025-08-11 03:50:04.550+09:00 | BftProcessorExecutor-IBFT-0 | INFO  | IbftRound | Importing block to chain. round=ConsensusRoundIdentifier{Sequence=1446, Round=1}, hash=0x0cb1af32ffb16ceec1ac9a5f2c4e7201f7c16f44bfa0b36c5d3d411a9434b4bd
2025-08-11 03:50:04.669+09:00 | BftProcessorExecutor-IBFT-0 | INFO  | IbftBesuControllerBuilder | Produced #1,446 / 0 tx / 0 pending / 0 (0.0%) gas / (0x0cb1af32ffb16ceec1ac9a5f2c4e7201f7c16f44bfa0b36c5d3d411a9434b4bd)
2025-08-11 03:50:06.199+09:00 | BftProcessorExecutor-IBFT-0 | INFO  | IbftBesuControllerBuilder | Imported #1,447 / 0 tx / 0 pending / 0 (0.0%) gas / (0xf38a7da87a8cd3b544d1ba17d861c0fbed35f382cdd010caaa9a30ebd19f77bc)
2025-08-11 03:50:08.167+09:00 | BftProcessorExecutor-IBFT-0 | INFO  | IbftBesuControllerBuilder | Imported #1,448 / 0 tx / 0 pending / 0 (0.0%) gas / (0xd02b97ca29feb11cc6c93569e64117a7a0c47243ece2f678a7b3a5404c919405)
2025-08-11 03:50:10.337+09:00 | BftProcessorExecutor-IBFT-0 | INFO  | IbftBesuControllerBuilder | Imported #1,449 / 1 tx / 0 pending / 760,817 (0.0%) gas / (0x5f4912192c5290ef5537456221ef8719c66431c1b3bb3e54d2b39ff33f348def)
2025-08-11 03:50:12.082+09:00 | EthScheduler-Workers-0 | INFO  | PersistBlockTask | Imported #1,450 / 0 tx / 0 om / 0 (0.0%) gas / (0xbf8fa34d776520e443e00b152d50aafb9fdf3023ee0b10f30fed090b1a8a5f8a) in 0.005s. Peers: 3
2025-08-11 03:50:12.083+09:00 | BftProcessorExecutor-IBFT-0 | INFO  | IbftBesuControllerBuilder | Produced #1,450 / 0 tx / 0 pending / 0 (0.0%) gas / (0xbf8fa34d776520e443e00b152d50aafb9fdf3023ee0b10f30fed090b1a8a5f8a)
2025-08-11 03:50:14.092+09:00 | EthScheduler-Workers-0 | INFO  | PersistBlockTask | Block 1451 (0xa72dec10a81d34e7c19bb91f37b3e2b5e049abbdfa71ed928ed2922ccb5a03e2) is already imported
2025-08-11 03:50:14.094+09:00 | BftProcessorExecutor-IBFT-0 | INFO  | IbftBesuControllerBuilder | Imported #1,451 / 0 tx / 0 pending / 0 (0.0%) gas / (0xa72dec10a81d34e7c19bb91f37b3e2b5e049abbdfa71ed928ed2922ccb5a03e2)
2025-08-11 03:50:16.150+09:00 | EthScheduler-Workers-0 | INFO  | PersistBlockTask | Block 1452 (0x6b936745d0826e8aec8cb990cbd9a93292b72e35b66ff1ac732b93ffe2f958e5) is already imported
2025-08-11 03:50:16.158+09:00 | BftProcessorExecutor-IBFT-0 | INFO  | IbftBesuControllerBuilder | Imported #1,452 / 0 tx / 0 pending / 0 (0.0%) gas / (0x6b936745d0826e8aec8cb990cbd9a93292b72e35b66ff1ac732b93ffe2f958e5)
2025-08-11 03:50:18.163+09:00 | EthScheduler-Workers-0 | INFO  | PersistBlockTask | Block 1453 (0xa6d77d83c3147345027175d39283ffae7f5c377ff125479049dffed15a11934d) is already imported
2025-08-11 03:50:18.165+09:00 | BftProcessorExecutor-IBFT-0 | INFO  | IbftBesuControllerBuilder | Imported #1,453 / 1 tx / 0 pending / 727,869 (0.0%) gas / (0xa6d77d83c3147345027175d39283ffae7f5c377ff125479049dffed15a11934d)
2025-08-11 03:50:20.093+09:00 | EthScheduler-Workers-0 | INFO  | PersistBlockTask | Block 1454 (0x2a79d84dfcb49738a2459abd3b20a02896ef1e8796dc058fdd401f3b3ffc0cb6) is already imported
2025-08-11 03:50:20.095+09:00 | BftProcessorExecutor-IBFT-0 | INFO  | IbftBesuControllerBuilder | Produced #1,454 / 0 tx / 0 pending / 0 (0.0%) gas / (0x2a79d84dfcb49738a2459abd3b20a02896ef1e8796dc058fdd401f3b3ffc0cb6)
2025-08-11 03:50:22.107+09:00 | EthScheduler-Workers-0 | INFO  | PersistBlockTask | Block 1455 (0x39435e3acf7f7e8e0f9f7739593d925369f2f9cd71039e82021124d4d5f9f421) is already imported
2025-08-11 03:50:22.114+09:00 | BftProcessorExecutor-IBFT-0 | INFO  | IbftBesuControllerBuilder | Imported #1,455 / 0 tx / 0 pending / 0 (0.0%) gas / (0x39435e3acf7f7e8e0f9f7739593d925369f2f9cd71039e82021124d4d5f9f421)
2025-08-11 03:50:24.090+09:00 | EthScheduler-Workers-0 | INFO  | PersistBlockTask | Block 1456 (0xa266e1b0d91deb472168e7bc7c13428e35433c1232dfe265ce337665de89cf39) is already imported
2025-08-11 03:50:24.102+09:00 | BftProcessorExecutor-IBFT-0 | INFO  | IbftBesuControllerBuilder | Imported #1,456 / 0 tx / 0 pending / 0 (0.0%) gas / (0xa266e1b0d91deb472168e7bc7c13428e35433c1232dfe265ce337665de89cf39)
2025-08-11 03:50:26.108+09:00 | BftProcessorExecutor-IBFT-0 | INFO  | IbftBesuControllerBuilder | Imported #1,457 / 0 tx / 0 pending / 0 (0.0%) gas / (0x5b4917825f1e73f1f53ed20ea9b17431998dcf7d5747eb845287ca34a6127184)
2025-08-11 03:50:28.097+09:00 | BftProcessorExecutor-IBFT-0 | INFO  | IbftBesuControllerBuilder | Produced #1,458 / 0 tx / 0 pending / 0 (0.0%) gas / (0xa8aa0a4ed2ba0084ef9eabef9c665de072c5dd9c05fe73e38b6ccf98f4a991a0)
2025-08-11 03:50:30.083+09:00 | BftProcessorExecutor-IBFT-0 | INFO  | IbftBesuControllerBuilder | Imported #1,459 / 0 tx / 0 pending / 0 (0.0%) gas / (0x2115e5dae57697efc2122f918ea8654a9fc0670ca4d982b977edfc987df6127b)
2025-08-11 03:50:32.082+09:00 | BftProcessorExecutor-IBFT-0 | INFO  | IbftBesuControllerBuilder | Imported #1,460 / 0 tx / 0 pending / 0 (0.0%) gas / (0xe03ab9410cdc772fd0a49144d3287c0c0196ab727bd5869a5ed6d5cd42b79f92)
2025-08-11 03:50:34.038+09:00 | BftProcessorExecutor-IBFT-0 | INFO  | IbftBesuControllerBuilder | Imported #1,461 / 0 tx / 0 pending / 0 (0.0%) gas / (0x1b3125f51c3dc2940438698d03bb5337d01aba64676ec058082e0b716eaaf1b9)
2025-08-11 03:50:36.151+09:00 | BftProcessorExecutor-IBFT-0 | INFO  | IbftBesuControllerBuilder | Produced #1,462 / 0 tx / 0 pending / 0 (0.0%) gas / (0x1189e8a2f1dee2fedc158532ee9cbb98d1289a7a5e770e9addfda2e437f9085a)
2025-08-11 03:50:36.161+09:00 | EthScheduler-Workers-0 | INFO  | PersistBlockTask | Block 1462 (0x1189e8a2f1dee2fedc158532ee9cbb98d1289a7a5e770e9addfda2e437f9085a) is already imported
2025-08-11 03:50:38.105+09:00 | EthScheduler-Workers-0 | INFO  | PersistBlockTask | Block 1463 (0x0bbc26800d5aaa858163e5bfffe541645ea11d195cf1f5238c3aa5939b00e6a2) is already imported
2025-08-11 03:50:38.107+09:00 | BftProcessorExecutor-IBFT-0 | INFO  | IbftBesuControllerBuilder | Imported #1,463 / 0 tx / 0 pending / 0 (0.0%) gas / (0x0bbc26800d5aaa858163e5bfffe541645ea11d195cf1f5238c3aa5939b00e6a2)
2025-08-11 03:50:40.084+09:00 | EthScheduler-Workers-0 | INFO  | PersistBlockTask | Imported #1,464 / 0 tx / 0 om / 0 (0.0%) gas / (0xf51f115e754501a3494ebfe6d5c656b9dc5a5e3bb6c1eb64585c58daa5e993a5) in 0.004s. Peers: 3
2025-08-11 03:50:40.089+09:00 | BftProcessorExecutor-IBFT-0 | INFO  | IbftBesuControllerBuilder | Imported #1,464 / 0 tx / 0 pending / 0 (0.0%) gas / (0xf51f115e754501a3494ebfe6d5c656b9dc5a5e3bb6c1eb64585c58daa5e993a5)
2025-08-11 03:50:42.077+09:00 | EthScheduler-Workers-0 | INFO  | PersistBlockTask | Block 1465 (0x6414355272a1f2bd5dcdcb3bfc5e32e494f43a2cbedaf48ddc49c5dc238b67ca) is already imported
2025-08-11 03:50:42.080+09:00 | BftProcessorExecutor-IBFT-0 | INFO  | IbftBesuControllerBuilder | Imported #1,465 / 0 tx / 0 pending / 0 (0.0%) gas / (0x6414355272a1f2bd5dcdcb3bfc5e32e494f43a2cbedaf48ddc49c5dc238b67ca)
2025-08-11 03:50:44.098+09:00 | BftProcessorExecutor-IBFT-0 | INFO  | IbftBesuControllerBuilder | Produced #1,466 / 0 tx / 0 pending / 0 (0.0%) gas / (0x903c2ec06bc2cf9bb5856ff8ebf2393dd3ea826140e29cbb0a43cbf054b44a3c)
2025-08-11 03:50:46.087+09:00 | EthScheduler-Workers-0 | INFO  | PersistBlockTask | Block 1467 (0xa6fc25219800fa71cf5bb8b4917ea38f97cc4348cfe6862e0f90415c8bc42b0b) is already imported
2025-08-11 03:50:46.089+09:00 | BftProcessorExecutor-IBFT-0 | INFO  | IbftBesuControllerBuilder | Imported #1,467 / 0 tx / 0 pending / 0 (0.0%) gas / (0xa6fc25219800fa71cf5bb8b4917ea38f97cc4348cfe6862e0f90415c8bc42b0b)
2025-08-11 03:50:48.061+09:00 | BftProcessorExecutor-IBFT-0 | INFO  | IbftBesuControllerBuilder | Imported #1,468 / 0 tx / 0 pending / 0 (0.0%) gas / (0x2d43b3a924262b8ae59833b72a6518f4f14b01a136223d73ca19fe88ecf67981)
2025-08-11 03:50:50.093+09:00 | EthScheduler-Workers-0 | INFO  | PersistBlockTask | Block 1469 (0x09f485e919e0b5b92656d4c49d79bfa7a51dc046315b4afe432dc810b9be8fe2) is already imported
2025-08-11 03:50:50.100+09:00 | BftProcessorExecutor-IBFT-0 | INFO  | IbftBesuControllerBuilder | Imported #1,469 / 0 tx / 0 pending / 0 (0.0%) gas / (0x09f485e919e0b5b92656d4c49d79bfa7a51dc046315b4afe432dc810b9be8fe2)
2025-08-11 03:50:52.061+09:00 | BftProcessorExecutor-IBFT-0 | INFO  | IbftBesuControllerBuilder | Produced #1,470 / 0 tx / 0 pending / 0 (0.0%) gas / (0x3df3d3b105f938dbe6536f72015a2824b3d6d80b9de5368ff9a3810bfe508583)
2025-08-11 03:50:54.066+09:00 | BftProcessorExecutor-IBFT-0 | INFO  | IbftBesuControllerBuilder | Imported #1,471 / 0 tx / 0 pending / 0 (0.0%) gas / (0xac62f3aa8662ab90bb0eb41f0ec2a120926bfdc50d60a8cf203c0250f97c3c71)
2025-08-11 03:50:56.069+09:00 | BftProcessorExecutor-IBFT-0 | INFO  | IbftBesuControllerBuilder | Imported #1,472 / 0 tx / 0 pending / 0 (0.0%) gas / (0x2cbd686af69d22fdf5aee7429f7c615f9b0463c0e180fab4f17ea19146a6361f)
2025-08-11 03:50:58.085+09:00 | BftProcessorExecutor-IBFT-0 | INFO  | IbftBesuControllerBuilder | Imported #1,473 / 0 tx / 0 pending / 0 (0.0%) gas / (0x172b2f7daa5a10c05569030e823b64cd646a1a7327f7e0dd8ad8925475bd04ce)
2025-08-11 03:51:00.070+09:00 | EthScheduler-Workers-0 | INFO  | PersistBlockTask | Block 1474 (0x18bdf71a80093158bf92d1c9114a322778ca00de1d50a5e46ad214697feb25fc) is already imported
2025-08-11 03:51:00.072+09:00 | BftProcessorExecutor-IBFT-0 | INFO  | IbftBesuControllerBuilder | Produced #1,474 / 0 tx / 0 pending / 0 (0.0%) gas / (0x18bdf71a80093158bf92d1c9114a322778ca00de1d50a5e46ad214697feb25fc)
2025-08-11 03:51:02.060+09:00 | BftProcessorExecutor-IBFT-0 | INFO  | IbftBesuControllerBuilder | Imported #1,475 / 0 tx / 0 pending / 0 (0.0%) gas / (0xe82f405425ea519770d4bc1326937b16a9e15744d47c2620e5bb3da6893fad87)
2025-08-11 03:51:02.066+09:00 | EthScheduler-Workers-0 | INFO  | PersistBlockTask | Block 1475 (0xe82f405425ea519770d4bc1326937b16a9e15744d47c2620e5bb3da6893fad87) is already imported
2025-08-11 03:51:04.060+09:00 | BftProcessorExecutor-IBFT-0 | INFO  | IbftBesuControllerBuilder | Imported #1,476 / 0 tx / 0 pending / 0 (0.0%) gas / (0xc11b7acfaf6a3b52836acbd2ce099dba9bb9e82096518cc2e2ba81be07da0fa2)
2025-08-11 03:51:06.069+09:00 | EthScheduler-Workers-0 | INFO  | PersistBlockTask | Block 1477 (0xe8e7661eb6a5e27b78306a78438a577392aab456f85e57ab10c6945bb0ce0e88) is already imported
2025-08-11 03:51:06.069+09:00 | BftProcessorExecutor-IBFT-0 | INFO  | IbftBesuControllerBuilder | Imported #1,477 / 0 tx / 0 pending / 0 (0.0%) gas / (0xe8e7661eb6a5e27b78306a78438a577392aab456f85e57ab10c6945bb0ce0e88)
2025-08-11 03:51:08.060+09:00 | EthScheduler-Workers-0 | INFO  | PersistBlockTask | Block 1478 (0xdcc3ca50d1a2ea1e56221a5d5ff544806ba2116409ff38a9a1fcf4f253e3132d) is already imported
2025-08-11 03:51:08.062+09:00 | BftProcessorExecutor-IBFT-0 | INFO  | IbftBesuControllerBuilder | Produced #1,478 / 0 tx / 0 pending / 0 (0.0%) gas / (0xdcc3ca50d1a2ea1e56221a5d5ff544806ba2116409ff38a9a1fcf4f253e3132d)
2025-08-11 03:51:10.062+09:00 | BftProcessorExecutor-IBFT-0 | INFO  | IbftBesuControllerBuilder | Imported #1,479 / 0 tx / 0 pending / 0 (0.0%) gas / (0x62e90a68bdde20c8be141f1405487fd6917cd96fcfc43c0c4d9a1db964a01890)
2025-08-11 03:51:10.068+09:00 | EthScheduler-Workers-0 | INFO  | PersistBlockTask | Block 1479 (0x62e90a68bdde20c8be141f1405487fd6917cd96fcfc43c0c4d9a1db964a01890) is already imported
2025-08-11 03:51:12.054+09:00 | BftProcessorExecutor-IBFT-0 | INFO  | IbftBesuControllerBuilder | Imported #1,480 / 0 tx / 0 pending / 0 (0.0%) gas / (0x5f9653af205da9cb43c440de89fe549a8f1d55e58990a79da304b91cd18193c2)
2025-08-11 03:51:14.076+09:00 | EthScheduler-Workers-0 | INFO  | PersistBlockTask | Block 1481 (0xdb0351e362a24461e7c9e52d8da9bdbab96f41739213299a702b509c85f154eb) is already imported
2025-08-11 03:51:14.080+09:00 | BftProcessorExecutor-IBFT-0 | INFO  | IbftBesuControllerBuilder | Imported #1,481 / 0 tx / 0 pending / 0 (0.0%) gas / (0xdb0351e362a24461e7c9e52d8da9bdbab96f41739213299a702b509c85f154eb)
2025-08-11 03:51:16.096+09:00 | EthScheduler-Workers-0 | INFO  | PersistBlockTask | Block 1482 (0x55d855b578a0942f550ff4744ef19783d8e0abc1c1898cc5ef9b8cfe2091b5ab) is already imported
2025-08-11 03:51:16.099+09:00 | BftProcessorExecutor-IBFT-0 | INFO  | IbftBesuControllerBuilder | Produced #1,482 / 0 tx / 0 pending / 0 (0.0%) gas / (0x55d855b578a0942f550ff4744ef19783d8e0abc1c1898cc5ef9b8cfe2091b5ab)
2025-08-11 03:51:18.081+09:00 | BftProcessorExecutor-IBFT-0 | INFO  | IbftBesuControllerBuilder | Imported #1,483 / 0 tx / 0 pending / 0 (0.0%) gas / (0x5d48831fb9757eff4ee4d44e5296c4255ff503ed0a3d356ac3f9866e147017b2)
2025-08-11 03:51:20.065+09:00 | BftProcessorExecutor-IBFT-0 | INFO  | IbftBesuControllerBuilder | Imported #1,484 / 0 tx / 0 pending / 0 (0.0%) gas / (0x92f791d8b1816cfb42623d513359e13d117aa4127b467edfb9314bdea574f0a0)
2025-08-11 03:51:22.058+09:00 | BftProcessorExecutor-IBFT-0 | INFO  | IbftBesuControllerBuilder | Imported #1,485 / 0 tx / 0 pending / 0 (0.0%) gas / (0xa14104d58324d1f8c5feb39c17f493e2ad45a089a306d0fe0172fca03b5f5339)
2025-08-11 03:51:24.045+09:00 | BftProcessorExecutor-IBFT-0 | INFO  | IbftBesuControllerBuilder | Produced #1,486 / 0 tx / 0 pending / 0 (0.0%) gas / (0xc3f2b5be3061242331e682b56f074759836475318c4a48356c8f7090c4059e1d)
2025-08-11 03:51:26.066+09:00 | EthScheduler-Workers-0 | INFO  | PersistBlockTask | Block 1487 (0x06dda542007f9c5c39d0a34087b16bd299dccd0eb4dbf00e5a7e37efd4008c75) is already imported
2025-08-11 03:51:26.069+09:00 | BftProcessorExecutor-IBFT-0 | INFO  | IbftBesuControllerBuilder | Imported #1,487 / 0 tx / 0 pending / 0 (0.0%) gas / (0x06dda542007f9c5c39d0a34087b16bd299dccd0eb4dbf00e5a7e37efd4008c75)
2025-08-11 03:51:28.018+09:00 | BftProcessorExecutor-IBFT-0 | INFO  | IbftBesuControllerBuilder | Imported #1,488 / 0 tx / 0 pending / 0 (0.0%) gas / (0xac867332377a51a4311837271d8ba3b4448606525df2b340c60d8fce3211beaf)
2025-08-11 03:51:30.046+09:00 | EthScheduler-Workers-0 | INFO  | PersistBlockTask | Imported #1,489 / 0 tx / 0 om / 0 (0.0%) gas / (0xcc6728c5199f6e027d7961189a68c291360c0fc26571d3b5a9bfb72109692942) in 0.012s. Peers: 3
2025-08-11 03:51:30.045+09:00 | BftProcessorExecutor-IBFT-0 | INFO  | IbftBesuControllerBuilder | Imported #1,489 / 0 tx / 0 pending / 0 (0.0%) gas / (0xcc6728c5199f6e027d7961189a68c291360c0fc26571d3b5a9bfb72109692942)
2025-08-11 03:51:32.032+09:00 | BftProcessorExecutor-IBFT-0 | INFO  | IbftBesuControllerBuilder | Produced #1,490 / 0 tx / 0 pending / 0 (0.0%) gas / (0xef7c4d518f560bebc65f165499ea847e26ae83e3af047dd085f7a401ba2b8dd1)
2025-08-11 03:51:34.023+09:00 | EthScheduler-Workers-0 | INFO  | PersistBlockTask | Block 1491 (0xc1e270aa7cd911b2828f821fcdfc5c8c44a25408bf55e6ca0c19d72ae9fa8136) is already imported
2025-08-11 03:51:34.024+09:00 | BftProcessorExecutor-IBFT-0 | INFO  | IbftBesuControllerBuilder | Imported #1,491 / 0 tx / 0 pending / 0 (0.0%) gas / (0xc1e270aa7cd911b2828f821fcdfc5c8c44a25408bf55e6ca0c19d72ae9fa8136)
2025-08-11 03:51:36.051+09:00 | BftProcessorExecutor-IBFT-0 | INFO  | IbftBesuControllerBuilder | Imported #1,492 / 0 tx / 0 pending / 0 (0.0%) gas / (0x9754952293d8426fffc6b7804d4e3c51a72756c27446366fa55fe06cbf3c83c7)
2025-08-11 03:51:38.053+09:00 | BftProcessorExecutor-IBFT-0 | INFO  | IbftBesuControllerBuilder | Imported #1,493 / 0 tx / 0 pending / 0 (0.0%) gas / (0x4dd7c2da48c4b525ee901a76cf438cba69a12ab2d2f13e9620c9efc54452816c)
2025-08-11 03:51:40.074+09:00 | BftProcessorExecutor-IBFT-0 | INFO  | IbftBesuControllerBuilder | Produced #1,494 / 0 tx / 0 pending / 0 (0.0%) gas / (0x761217d022dd6bffbf751b923cecb7642b9963c6aac5af1ce4481242594b99e0)
2025-08-11 03:51:42.056+09:00 | BftProcessorExecutor-IBFT-0 | INFO  | IbftBesuControllerBuilder | Imported #1,495 / 0 tx / 0 pending / 0 (0.0%) gas / (0xf934f573064b816626065207203d4c02d88689eaa4c04dd6c04fdbc094781ad0)
2025-08-11 03:51:44.062+09:00 | BftProcessorExecutor-IBFT-0 | INFO  | IbftBesuControllerBuilder | Imported #1,496 / 0 tx / 0 pending / 0 (0.0%) gas / (0xab4d5a722f83b51d9c0150eeae12edfcbea725ce51196308b2179f2ffdc6ef34)
2025-08-11 03:51:46.051+09:00 | BftProcessorExecutor-IBFT-0 | INFO  | IbftBesuControllerBuilder | Imported #1,497 / 0 tx / 0 pending / 0 (0.0%) gas / (0xa7760adfb575b013c4fb2a34b2970f06de1a9ddf2c2b4027c9e55ed33545f03e)
2025-08-11 03:51:48.078+09:00 | BftProcessorExecutor-IBFT-0 | INFO  | IbftBesuControllerBuilder | Produced #1,498 / 0 tx / 0 pending / 0 (0.0%) gas / (0x8abe37f64b83125cdd65c894992d90105d50e3000d5398f67b61b88f05034dbe)
2025-08-11 03:51:48.092+09:00 | EthScheduler-Workers-0 | INFO  | PersistBlockTask | Block 1498 (0x8abe37f64b83125cdd65c894992d90105d50e3000d5398f67b61b88f05034dbe) is already imported
2025-08-11 03:51:50.063+09:00 | BftProcessorExecutor-IBFT-0 | INFO  | IbftBesuControllerBuilder | Imported #1,499 / 0 tx / 0 pending / 0 (0.0%) gas / (0x43d6867955ac059747eec4682287e16071cca983b25ca1751062f19cddb87fbf)
2025-08-11 03:51:50.063+09:00 | EthScheduler-Workers-0 | INFO  | PersistBlockTask | Block 1499 (0x43d6867955ac059747eec4682287e16071cca983b25ca1751062f19cddb87fbf) is already imported
2025-08-11 03:51:52.066+09:00 | EthScheduler-Workers-0 | INFO  | PersistBlockTask | Block 1500 (0x3d664565639ca03181d35108e3b8603902f7a1d1442b78f26d9e7b659bb3c7c6) is already imported
2025-08-11 03:51:52.068+09:00 | BftProcessorExecutor-IBFT-0 | INFO  | IbftBesuControllerBuilder | Imported #1,500 / 0 tx / 0 pending / 0 (0.0%) gas / (0x3d664565639ca03181d35108e3b8603902f7a1d1442b78f26d9e7b659bb3c7c6)
2025-08-11 03:51:54.043+09:00 | BftProcessorExecutor-IBFT-0 | INFO  | IbftBesuControllerBuilder | Imported #1,501 / 0 tx / 0 pending / 0 (0.0%) gas / (0x697c64b1dad99ccbb5d0a709086b3c9fb28bb586d339be3f544067f2127fc050)
2025-08-11 03:51:56.045+09:00 | BftProcessorExecutor-IBFT-0 | INFO  | IbftBesuControllerBuilder | Produced #1,502 / 0 tx / 0 pending / 0 (0.0%) gas / (0x50cc1ab1e264faabaea5a1476af98a51c686ea7ed872d873af52e51c3d198357)
2025-08-11 03:51:58.044+09:00 | BftProcessorExecutor-IBFT-0 | INFO  | IbftBesuControllerBuilder | Imported #1,503 / 0 tx / 0 pending / 0 (0.0%) gas / (0xb44b9a8dfe1432e625fe87343626afb9a9f9e558a130918f64f4f2e1e68a0b92)
2025-08-11 03:52:00.054+09:00 | BftProcessorExecutor-IBFT-0 | INFO  | IbftBesuControllerBuilder | Imported #1,504 / 0 tx / 0 pending / 0 (0.0%) gas / (0x60f33e000b306a9775f6afcd7d2e621e211c4cf66997fca52697a32932d1ccd7)
2025-08-11 03:52:02.038+09:00 | BftProcessorExecutor-IBFT-0 | INFO  | IbftBesuControllerBuilder | Imported #1,505 / 0 tx / 0 pending / 0 (0.0%) gas / (0x5de4d06c992e175b30edd026061c4155854f7d95e9d3d01eee18b3078c3a2175)
2025-08-11 03:52:04.055+09:00 | BftProcessorExecutor-IBFT-0 | INFO  | IbftBesuControllerBuilder | Produced #1,506 / 0 tx / 0 pending / 0 (0.0%) gas / (0xb1c28684ceff703b5fb1e174720f7c51518deb609e632c82964f04d217bb9181)
2025-08-11 03:52:06.041+09:00 | BftProcessorExecutor-IBFT-0 | INFO  | IbftBesuControllerBuilder | Imported #1,507 / 0 tx / 0 pending / 0 (0.0%) gas / (0xcb5fc8c26842b5370882067b2bc62c546cb5ad4efaf967cf5f8d8222f4782c43)
2025-08-11 03:52:08.025+09:00 | BftProcessorExecutor-IBFT-0 | INFO  | IbftBesuControllerBuilder | Imported #1,508 / 0 tx / 0 pending / 0 (0.0%) gas / (0xc32772db3e4cd91cc1a9f2090c917a1a651f8be490cb43e80d902b0cc3a668b9)
2025-08-11 03:52:10.038+09:00 | BftProcessorExecutor-IBFT-0 | INFO  | IbftBesuControllerBuilder | Imported #1,509 / 0 tx / 0 pending / 0 (0.0%) gas / (0x6bc483bdce4ed3c04b31c6b9e1a532bd165e3bcf365361a074f89257ea50c892)
2025-08-11 03:52:12.041+09:00 | BftProcessorExecutor-IBFT-0 | INFO  | IbftBesuControllerBuilder | Produced #1,510 / 0 tx / 0 pending / 0 (0.0%) gas / (0x068a31165ecc3dca730860ed0984fbc8d0799a834651aa2d69e1c77d2b5f7c38)
2025-08-11 03:52:14.037+09:00 | BftProcessorExecutor-IBFT-0 | INFO  | IbftBesuControllerBuilder | Imported #1,511 / 0 tx / 0 pending / 0 (0.0%) gas / (0x9d4115caf54619118866ad62ed3e618905314c774cf1681866a37232e538af2a)
2025-08-11 03:52:16.037+09:00 | BftProcessorExecutor-IBFT-0 | INFO  | IbftBesuControllerBuilder | Imported #1,512 / 0 tx / 0 pending / 0 (0.0%) gas / (0xacab2f4d81c62e7dc77775ce0824a642f25c469c8262aba77ecfcdb10fed6d34)
2025-08-11 03:52:18.041+09:00 | BftProcessorExecutor-IBFT-0 | INFO  | IbftBesuControllerBuilder | Imported #1,513 / 0 tx / 0 pending / 0 (0.0%) gas / (0x5cc85940f87d0e3ae5801c7b7c0bb5e4ccad8cdb7be0dff8e034f4927209bba2)
2025-08-11 03:52:20.017+09:00 | BftProcessorExecutor-IBFT-0 | INFO  | IbftBesuControllerBuilder | Produced #1,514 / 0 tx / 0 pending / 0 (0.0%) gas / (0x3d2fe40e1aaf0aad93ce42fff966ae84d0641bb55720ad7663195426560ceb7b)
2025-08-11 03:52:22.044+09:00 | BftProcessorExecutor-IBFT-0 | INFO  | IbftBesuControllerBuilder | Imported #1,515 / 0 tx / 0 pending / 0 (0.0%) gas / (0xf4dde0e142f9530bc88b3b500447244df69f6d48708958789b1a9d86a2056960)
2025-08-11 03:52:24.016+09:00 | BftProcessorExecutor-IBFT-0 | INFO  | IbftBesuControllerBuilder | Imported #1,516 / 0 tx / 0 pending / 0 (0.0%) gas / (0x75f9487acb594cf181d222112123e1d664bb96cbbe1c790157018a0ed5ffc2b2)
2025-08-11 03:52:26.013+09:00 | BftProcessorExecutor-IBFT-0 | INFO  | IbftBesuControllerBuilder | Imported #1,517 / 0 tx / 0 pending / 0 (0.0%) gas / (0x8e00dc52536aa6dd6963f0f7a1f387cc84950ed5b8c361d6ae039ef8a7b186b4)
2025-08-11 03:52:28.021+09:00 | BftProcessorExecutor-IBFT-0 | INFO  | IbftBesuControllerBuilder | Produced #1,518 / 0 tx / 0 pending / 0 (0.0%) gas / (0x9103a308c10e968801b847389b8758edadb0698bc597a1d65a18c126fb06b634)
2025-08-11 03:52:30.021+09:00 | BftProcessorExecutor-IBFT-0 | INFO  | IbftBesuControllerBuilder | Imported #1,519 / 0 tx / 0 pending / 0 (0.0%) gas / (0x2bff332ec756c7bb761932cf936058a5bcdd44254a84bd158ddef459a904728d)
2025-08-11 03:52:32.049+09:00 | BftProcessorExecutor-IBFT-0 | INFO  | IbftBesuControllerBuilder | Imported #1,520 / 0 tx / 0 pending / 0 (0.0%) gas / (0xe6489e3ce0bba36ee913a5e199ce0a55ec500352003b72b216c265624beee982)
2025-08-11 03:52:34.060+09:00 | EthScheduler-Workers-0 | INFO  | PersistBlockTask | Block 1521 (0x27a3f34532d6ed4ca6ae66c656471b2e1c49736bd894df9fb90c6b4c6edba6cc) is already imported
2025-08-11 03:52:34.063+09:00 | BftProcessorExecutor-IBFT-0 | INFO  | IbftBesuControllerBuilder | Imported #1,521 / 0 tx / 0 pending / 0 (0.0%) gas / (0x27a3f34532d6ed4ca6ae66c656471b2e1c49736bd894df9fb90c6b4c6edba6cc)
2025-08-11 03:52:36.059+09:00 | EthScheduler-Workers-0 | INFO  | PersistBlockTask | Imported #1,522 / 0 tx / 0 om / 0 (0.0%) gas / (0xf1218020cdf56efa4aed9b1fef7f33714f9435b34bf844091c9c0fec6a8cf39f) in 0.003s. Peers: 3
2025-08-11 03:52:36.061+09:00 | BftProcessorExecutor-IBFT-0 | INFO  | IbftBesuControllerBuilder | Produced #1,522 / 0 tx / 0 pending / 0 (0.0%) gas / (0xf1218020cdf56efa4aed9b1fef7f33714f9435b34bf844091c9c0fec6a8cf39f)
2025-08-11 03:52:38.046+09:00 | BftProcessorExecutor-IBFT-0 | INFO  | IbftBesuControllerBuilder | Imported #1,523 / 0 tx / 0 pending / 0 (0.0%) gas / (0x1ea7ea2234d8c730037ac6426c62011ec199cb181421ddc3fcb2fe9da43c3d92)
2025-08-11 03:52:38.046+09:00 | EthScheduler-Workers-0 | INFO  | PersistBlockTask | Block 1523 (0x1ea7ea2234d8c730037ac6426c62011ec199cb181421ddc3fcb2fe9da43c3d92) is already imported
2025-08-11 03:52:40.036+09:00 | BftProcessorExecutor-IBFT-0 | INFO  | IbftBesuControllerBuilder | Imported #1,524 / 0 tx / 0 pending / 0 (0.0%) gas / (0xc3d52201545e9210781d4e2a84e6bb8061fbd3684347e85d2a1da46f43f068b9)
2025-08-11 03:52:42.047+09:00 | BftProcessorExecutor-IBFT-0 | INFO  | IbftBesuControllerBuilder | Imported #1,525 / 0 tx / 0 pending / 0 (0.0%) gas / (0x445e7ede19e024fdaabcb8947401e2c9dca0f8a860a28892a5fe12d1fda7b8b1)
2025-08-11 03:52:44.049+09:00 | BftProcessorExecutor-IBFT-0 | INFO  | IbftBesuControllerBuilder | Produced #1,526 / 0 tx / 0 pending / 0 (0.0%) gas / (0x6255125626c04a937918677dde38102a0ec4607fae8b73056b55149646795ff9)
2025-08-11 03:52:44.062+09:00 | EthScheduler-Workers-0 | INFO  | PersistBlockTask | Block 1526 (0x6255125626c04a937918677dde38102a0ec4607fae8b73056b55149646795ff9) is already imported
2025-08-11 03:52:46.018+09:00 | BftProcessorExecutor-IBFT-0 | INFO  | IbftBesuControllerBuilder | Imported #1,527 / 0 tx / 0 pending / 0 (0.0%) gas / (0x3c5b117a7ee83785b13dafd721f0f1b48c58fb0ec8fa97d01ca68eaee7ba50d4)
2025-08-11 03:52:48.049+09:00 | BftProcessorExecutor-IBFT-0 | INFO  | IbftBesuControllerBuilder | Imported #1,528 / 0 tx / 0 pending / 0 (0.0%) gas / (0xe1ced3fb58f0ddae0f6d93a2b57b85dd3b279cfebb1b6c40a74e88e80f88d782)
2025-08-11 03:52:50.034+09:00 | BftProcessorExecutor-IBFT-0 | INFO  | IbftBesuControllerBuilder | Imported #1,529 / 0 tx / 0 pending / 0 (0.0%) gas / (0x0c2538cd594aba7087acc2bdb6ffc5a4a4e00eaef999f9c1ff49e6756512ebcf)
2025-08-11 03:52:52.040+09:00 | BftProcessorExecutor-IBFT-0 | INFO  | IbftBesuControllerBuilder | Produced #1,530 / 0 tx / 0 pending / 0 (0.0%) gas / (0x7518fbd9d0795651e79618eb7f9914cfc6757b0150cf28c3b950dd34525e7125)
2025-08-11 03:52:54.044+09:00 | BftProcessorExecutor-IBFT-0 | INFO  | IbftBesuControllerBuilder | Imported #1,531 / 0 tx / 0 pending / 0 (0.0%) gas / (0x29301954f35819c917b0db9f26bb91a86b38a946edb4a85e7d5dd58c6673deb4)
2025-08-11 03:52:56.022+09:00 | EthScheduler-Workers-0 | INFO  | PersistBlockTask | Block 1532 (0x396d27b04563f787ad5af3deb27d22952916f7bf44b51865bd3484a8c671a778) is already imported
2025-08-11 03:52:56.021+09:00 | BftProcessorExecutor-IBFT-0 | INFO  | IbftBesuControllerBuilder | Imported #1,532 / 0 tx / 0 pending / 0 (0.0%) gas / (0x396d27b04563f787ad5af3deb27d22952916f7bf44b51865bd3484a8c671a778)
2025-08-11 03:52:58.039+09:00 | EthScheduler-Workers-0 | INFO  | PersistBlockTask | Block 1533 (0x761a913f4804367688241820722b6704f108437f85062dead3cd704121d0ddbf) is already imported
2025-08-11 03:52:58.039+09:00 | BftProcessorExecutor-IBFT-0 | INFO  | IbftBesuControllerBuilder | Imported #1,533 / 0 tx / 0 pending / 0 (0.0%) gas / (0x761a913f4804367688241820722b6704f108437f85062dead3cd704121d0ddbf)
2025-08-11 03:53:00.042+09:00 | EthScheduler-Workers-0 | INFO  | PersistBlockTask | Block 1534 (0x560845f313f7a96de35b8e694e4dd8dd239a4511c5e35410e576b7e5d7dc864d) is already imported
2025-08-11 03:53:00.044+09:00 | BftProcessorExecutor-IBFT-0 | INFO  | IbftBesuControllerBuilder | Produced #1,534 / 0 tx / 0 pending / 0 (0.0%) gas / (0x560845f313f7a96de35b8e694e4dd8dd239a4511c5e35410e576b7e5d7dc864d)
2025-08-11 03:53:02.013+09:00 | BftProcessorExecutor-IBFT-0 | INFO  | IbftBesuControllerBuilder | Imported #1,535 / 0 tx / 0 pending / 0 (0.0%) gas / (0xdec31eb16568809cb685ba085d1dd2df8fbfac04179354d1e4c7ae305f4040e5)
2025-08-11 03:53:04.020+09:00 | BftProcessorExecutor-IBFT-0 | INFO  | IbftBesuControllerBuilder | Imported #1,536 / 0 tx / 0 pending / 0 (0.0%) gas / (0xabbc2f80321df01c0fac86e2b9d3921e7479015689f2752d7b76314f9515c31b)
2025-08-11 03:53:06.019+09:00 | BftProcessorExecutor-IBFT-0 | INFO  | IbftBesuControllerBuilder | Imported #1,537 / 0 tx / 0 pending / 0 (0.0%) gas / (0x77663aae9d4dff8a101d8429999d78e182e87c55a9f097b9d27ff8af26e9d2cf)
2025-08-11 03:53:08.027+09:00 | BftProcessorExecutor-IBFT-0 | INFO  | IbftBesuControllerBuilder | Produced #1,538 / 0 tx / 0 pending / 0 (0.0%) gas / (0xb6d14d3aa5632fb6692a4358c9f08a13cd74583c8c555635ec8a47d9b64d886c)
2025-08-11 03:53:10.013+09:00 | BftProcessorExecutor-IBFT-0 | INFO  | IbftBesuControllerBuilder | Imported #1,539 / 0 tx / 0 pending / 0 (0.0%) gas / (0x9d57dfffb19e17406f9e998c2c094fa8499d8baf1607f1be3a13da25908410a3)
2025-08-11 03:53:12.016+09:00 | BftProcessorExecutor-IBFT-0 | INFO  | IbftBesuControllerBuilder | Imported #1,540 / 0 tx / 0 pending / 0 (0.0%) gas / (0x7d27ca1836916b607140d720b28fb43ef7047b0426a8a78210adbad0e3cd54b6)
2025-08-11 03:53:14.014+09:00 | BftProcessorExecutor-IBFT-0 | INFO  | IbftBesuControllerBuilder | Imported #1,541 / 0 tx / 0 pending / 0 (0.0%) gas / (0x4361e928200d4d8593b16a9c01e4a7f17359d2ca49050b05e03621503b04f2ce)
2025-08-11 03:53:16.040+09:00 | BftProcessorExecutor-IBFT-0 | INFO  | IbftBesuControllerBuilder | Produced #1,542 / 0 tx / 0 pending / 0 (0.0%) gas / (0xb4dbf8482d58d7567c861fcafc1c77ca7eb51415adcf7a76c9170a9774a4f870)
2025-08-11 03:53:18.036+09:00 | BftProcessorExecutor-IBFT-0 | INFO  | IbftBesuControllerBuilder | Imported #1,543 / 0 tx / 0 pending / 0 (0.0%) gas / (0x7ca3d8b841fec47831997353a88bce104de75aca3bdc060e360e47bb20d74a3b)
2025-08-11 03:53:20.032+09:00 | BftProcessorExecutor-IBFT-0 | INFO  | IbftBesuControllerBuilder | Imported #1,544 / 0 tx / 0 pending / 0 (0.0%) gas / (0x325d496052a8a37e788af3e621ee698f9bea52f34c7e2736f0cc15ce7ecce110)
2025-08-11 03:53:22.042+09:00 | BftProcessorExecutor-IBFT-0 | INFO  | IbftBesuControllerBuilder | Imported #1,545 / 0 tx / 0 pending / 0 (0.0%) gas / (0x18113d8042931862c2d2c2b9f9aee71faf28629b0fabc0681853f1ed12452664)
2025-08-11 03:53:24.073+09:00 | BftProcessorExecutor-IBFT-0 | INFO  | IbftBesuControllerBuilder | Produced #1,546 / 0 tx / 0 pending / 0 (0.0%) gas / (0x1622b8ca1784cf5e6ce6b7be90c4e2bce39303e43b0d710d30f654d31318ba2a)
2025-08-11 03:53:24.092+09:00 | EthScheduler-Workers-0 | INFO  | PersistBlockTask | Block 1546 (0x1622b8ca1784cf5e6ce6b7be90c4e2bce39303e43b0d710d30f654d31318ba2a) is already imported
2025-08-11 03:53:26.054+09:00 | BftProcessorExecutor-IBFT-0 | INFO  | IbftBesuControllerBuilder | Imported #1,547 / 0 tx / 0 pending / 0 (0.0%) gas / (0x0b723b70a7c60a7ad1ae5f065f2d19d3daf792abc7a6128cd103ff26f6e6847d)
2025-08-11 03:53:26.069+09:00 | EthScheduler-Workers-0 | INFO  | PersistBlockTask | Block 1547 (0x0b723b70a7c60a7ad1ae5f065f2d19d3daf792abc7a6128cd103ff26f6e6847d) is already imported
2025-08-11 03:53:28.040+09:00 | BftProcessorExecutor-IBFT-0 | INFO  | IbftBesuControllerBuilder | Imported #1,548 / 0 tx / 0 pending / 0 (0.0%) gas / (0x3fa09161f9fa585d5b258e6507061d3f94483a735766d1db8a80bef15036ef56)
2025-08-11 03:53:30.042+09:00 | BftProcessorExecutor-IBFT-0 | INFO  | IbftBesuControllerBuilder | Imported #1,549 / 0 tx / 0 pending / 0 (0.0%) gas / (0x44ed21c89c07d2d3ba0fef44eb918b9ddb3c04e9e470566389e154bb6d80d2cc)
2025-08-11 03:53:32.034+09:00 | BftProcessorExecutor-IBFT-0 | INFO  | IbftBesuControllerBuilder | Produced #1,550 / 0 tx / 0 pending / 0 (0.0%) gas / (0xfbae5c0359ff0011ab2a87a9e68fbac112bde7e49d2624a36af8555cc9e718cd)
2025-08-11 03:53:34.038+09:00 | BftProcessorExecutor-IBFT-0 | INFO  | IbftBesuControllerBuilder | Imported #1,551 / 0 tx / 0 pending / 0 (0.0%) gas / (0x6e2e9ad8610ad5cf69114ea396e80a8d0ffd06100e293655887a05b426579f3e)
2025-08-11 03:53:36.041+09:00 | BftProcessorExecutor-IBFT-0 | INFO  | IbftBesuControllerBuilder | Imported #1,552 / 0 tx / 0 pending / 0 (0.0%) gas / (0x68e89273cefa974d76a787fbbdb717465bbd4c488dc01180fdce2a8992e85efb)
2025-08-11 03:53:36.041+09:00 | EthScheduler-Workers-0 | INFO  | PersistBlockTask | Block 1552 (0x68e89273cefa974d76a787fbbdb717465bbd4c488dc01180fdce2a8992e85efb) is already imported
2025-08-11 03:53:38.040+09:00 | BftProcessorExecutor-IBFT-0 | INFO  | IbftBesuControllerBuilder | Imported #1,553 / 0 tx / 0 pending / 0 (0.0%) gas / (0xb2ca001b96183b9cef045d013412fdf802ad035be29cbf535a13696ff4633276)
2025-08-11 03:53:40.049+09:00 | BftProcessorExecutor-IBFT-0 | INFO  | IbftBesuControllerBuilder | Produced #1,554 / 0 tx / 0 pending / 0 (0.0%) gas / (0xda2947d8cc81c0f22200746b00e648deecebb4595d5a978e7eb1514b61f44b60)
2025-08-11 03:53:42.045+09:00 | BftProcessorExecutor-IBFT-0 | INFO  | IbftBesuControllerBuilder | Imported #1,555 / 0 tx / 0 pending / 0 (0.0%) gas / (0x4737674266f81aab9fc0bc1359ff8b6f3aeb166d61b59c03bcd1ff47f3a982ab)
2025-08-11 03:53:44.017+09:00 | BftProcessorExecutor-IBFT-0 | INFO  | IbftBesuControllerBuilder | Imported #1,556 / 0 tx / 0 pending / 0 (0.0%) gas / (0xa943023011a0bfb5c99660156e1f1951add7d4b9e0451c0c093857583f67c9d7)
2025-08-11 03:53:46.035+09:00 | BftProcessorExecutor-IBFT-0 | INFO  | IbftBesuControllerBuilder | Imported #1,557 / 0 tx / 0 pending / 0 (0.0%) gas / (0x7e5b6c56e372474dc97b2ff24e0c06def0c812cf6dc50e3175c76465eac81087)
2025-08-11 03:53:48.070+09:00 | BftProcessorExecutor-IBFT-0 | INFO  | IbftBesuControllerBuilder | Produced #1,558 / 0 tx / 0 pending / 0 (0.0%) gas / (0xa9ca9f696c0ab328e76500e1433dae4e85a400300d008ebf9e9959a97b1315a2)
2025-08-11 03:53:48.068+09:00 | EthScheduler-Workers-0 | INFO  | PersistBlockTask | Block 1558 (0xa9ca9f696c0ab328e76500e1433dae4e85a400300d008ebf9e9959a97b1315a2) is already imported
2025-08-11 03:53:50.018+09:00 | BftProcessorExecutor-IBFT-0 | INFO  | IbftBesuControllerBuilder | Imported #1,559 / 0 tx / 0 pending / 0 (0.0%) gas / (0xaa955815b0d4cedbb2b789c79a1356097dbd5f78ab7e67589f21843ce1da6a97)
2025-08-11 03:53:52.025+09:00 | BftProcessorExecutor-IBFT-0 | INFO  | IbftBesuControllerBuilder | Imported #1,560 / 0 tx / 0 pending / 0 (0.0%) gas / (0x50a3aa4e039e7a83399684736e155062ec5dbd8dada7bd8278cc7ab364488d4e)
2025-08-11 03:53:52.025+09:00 | EthScheduler-Workers-0 | INFO  | PersistBlockTask | Block 1560 (0x50a3aa4e039e7a83399684736e155062ec5dbd8dada7bd8278cc7ab364488d4e) is already imported
2025-08-11 03:53:54.025+09:00 | BftProcessorExecutor-IBFT-0 | INFO  | IbftBesuControllerBuilder | Imported #1,561 / 0 tx / 0 pending / 0 (0.0%) gas / (0x47d680c43c6671bfa7b0da72b477e5910e6cbb47020523fe2360ecbab4fecda2)
2025-08-11 03:53:54.031+09:00 | EthScheduler-Workers-0 | INFO  | PersistBlockTask | Block 1561 (0x47d680c43c6671bfa7b0da72b477e5910e6cbb47020523fe2360ecbab4fecda2) is already imported
2025-08-11 03:53:56.012+09:00 | BftProcessorExecutor-IBFT-0 | INFO  | IbftBesuControllerBuilder | Produced #1,562 / 0 tx / 0 pending / 0 (0.0%) gas / (0x3856aeb0ef0b487b495caf562c66f013d1293da06b06847de86ad8fc2cc203fe)
2025-08-11 03:53:58.013+09:00 | BftProcessorExecutor-IBFT-0 | INFO  | IbftBesuControllerBuilder | Imported #1,563 / 0 tx / 0 pending / 0 (0.0%) gas / (0x27a014b5e4d2de784f49c680ce232d10326a6f7b3fedb342d0c664d075fcd149)
2025-08-11 03:54:00.032+09:00 | BftProcessorExecutor-IBFT-0 | INFO  | IbftBesuControllerBuilder | Imported #1,564 / 0 tx / 0 pending / 0 (0.0%) gas / (0x6585d7a75a0f32ada54e4711f3991394b6ed8d8cc7bee813cd0ff394f823098b)
2025-08-11 03:54:02.016+09:00 | BftProcessorExecutor-IBFT-0 | INFO  | IbftBesuControllerBuilder | Imported #1,565 / 0 tx / 0 pending / 0 (0.0%) gas / (0xbb667133a97c16cff215d189d96767ed49397369035613360b71a7a85b084d0c)
2025-08-11 03:54:04.024+09:00 | BftProcessorExecutor-IBFT-0 | INFO  | IbftBesuControllerBuilder | Produced #1,566 / 0 tx / 0 pending / 0 (0.0%) gas / (0xf1a8b5c7824ec857def780d9369caea41661ff61866b07958e659e90de056c2a)
2025-08-11 03:54:06.039+09:00 | BftProcessorExecutor-IBFT-0 | INFO  | IbftBesuControllerBuilder | Imported #1,567 / 0 tx / 0 pending / 0 (0.0%) gas / (0x0c7a7ab0de0f7cc3d1268f9962f7eba6c12fb1a1b0f9ebefe508ee4811f41990)
2025-08-11 03:54:08.043+09:00 | BftProcessorExecutor-IBFT-0 | INFO  | IbftBesuControllerBuilder | Imported #1,568 / 0 tx / 0 pending / 0 (0.0%) gas / (0x2819bf8d5f410a0e88ec022f450ff1b887a0065eb5007261422a5ed9a3e06e86)
2025-08-11 03:54:10.045+09:00 | BftProcessorExecutor-IBFT-0 | INFO  | IbftBesuControllerBuilder | Imported #1,569 / 0 tx / 0 pending / 0 (0.0%) gas / (0x125be14f0eb5e17ca7cdca784a0f2f02bd375df63fb8f6bb49bf134b131d0832)
2025-08-11 03:54:12.006+09:00 | BftProcessorExecutor-IBFT-0 | INFO  | BftProcessor | Shutting down BFT event processor
2025-08-11 03:54:12.008+09:00 | BesuCommand-Shutdown-Hook | INFO  | DefaultSynchronizer | Stopping synchronizer
2025-08-11 03:54:12.012+09:00 | BesuCommand-Shutdown-Hook | INFO  | NetworkRunner | Stopping Network.
2025-08-11 03:54:12.037+09:00 | BesuCommand-Shutdown-Hook | INFO  | EthProtocolManager | Stopping eth Subprotocol.
2025-08-11 03:54:12.040+09:00 | BesuCommand-Shutdown-Hook | INFO  | EthProtocolManager | eth Subprotocol stopped.
2025-08-11 03:54:12.040+09:00 | BesuCommand-Shutdown-Hook | INFO  | NetworkRunner | Network stopped.
2025-08-11 03:54:12.041+09:00 | BesuCommand-Shutdown-Hook | INFO  | AutoTransactionLogBloomCachingService | Shutting down Auto transaction logs caching service.
2025-08-11 03:54:12.042+09:00 | BesuCommand-Shutdown-Hook | INFO  | NatService | No NAT environment detected so no service could be stopped
